<?xml version="1.0" encoding="UTF-8"?>
<!-- Generated by org.testng.reporters.JUnitReportReporter -->
<testsuite hostname="DESKTOP-H59I35M" failures="0" tests="1" name="selmav.BrowserTest" time="14.005" errors="0" timestamp="8 Apr 2020 13:10:24 GMT">
  <testcase classname="selmav.BrowserTest" name="openBrowser" time="14.005"/>
</testsuite> <!-- selmav.BrowserTest -->
