<?xml version="1.0" encoding="UTF-8"?>
<!-- Generated by org.testng.reporters.JUnitReportReporter -->
<testsuite hostname="DESKTOP-H59I35M" failures="0" tests="1" name="selmav.APITest" time="0.005" errors="0" timestamp="2020-04-10T18:10:11 IST" skipped="0">
  <testcase classname="selmav.APITest" name="apiTest" time="0.005"/>
  <system-out/>
</testsuite> <!-- selmav.APITest -->
