<?xml version="1.0" encoding="UTF-8"?>
<!-- Generated by org.testng.reporters.JUnitReportReporter -->
<testsuite hostname="DESKTOP-H59I35M" failures="0" tests="1" name="selmav.SeleniumTest" time="0.000" errors="0" timestamp="2020-03-31T19:55:55 IST" skipped="0">
  <testcase classname="selmav.SeleniumTest" name="seleniumTest" time="0.000"/>
  <system-out/>
</testsuite> <!-- selmav.SeleniumTest -->
