<?xml version="1.0" encoding="UTF-8"?>
<!-- Generated by org.testng.reporters.JUnitReportReporter -->
<testsuite hostname="DESKTOP-H59I35M" failures="0" tests="1" name="selmav.AmazonTest" time="19.614" errors="0" timestamp="2020-04-03T18:52:45 IST" skipped="0">
  <testcase classname="selmav.AmazonTest" name="testAmazon" time="19.614"/>
  <system-out/>
</testsuite> <!-- selmav.AmazonTest -->
