<?xml version="1.0" encoding="UTF-8"?>
<!-- Generated by org.testng.reporters.JUnitReportReporter -->
<testsuite hostname="DESKTOP-H59I35M" failures="0" tests="1" name="selmav.AptitimeTest" time="12.167" errors="0" timestamp="12 Apr 2020 05:48:37 GMT">
  <testcase classname="selmav.AptitimeTest" name="login" time="12.167"/>
</testsuite> <!-- selmav.AptitimeTest -->
