<?xml version="1.0" encoding="UTF-8"?>
<!-- Generated by org.testng.reporters.JUnitReportReporter -->
<testsuite hostname="DESKTOP-H59I35M" failures="0" tests="1" name="selmav.AmazonTest" time="47.798" errors="0" timestamp="12 Apr 2020 12:59:55 GMT">
  <testcase classname="selmav.AmazonTest" name="testAmazon" time="47.798"/>
</testsuite> <!-- selmav.AmazonTest -->
