<?xml version="1.0" encoding="UTF-8"?>
<!-- Generated by org.testng.reporters.JUnitReportReporter -->
<testsuite hostname="DESKTOP-H59I35M" failures="0" tests="1" name="selmav.FlipkartTest" time="24.382" errors="0" timestamp="2020-04-08T18:50:03 IST" skipped="0">
  <testcase classname="selmav.FlipkartTest" name="verifyAddedItem" time="24.382"/>
  <system-out/>
</testsuite> <!-- selmav.FlipkartTest -->
