<?xml version="1.0" encoding="UTF-8"?>
<!-- Generated by org.testng.reporters.JUnitReportReporter -->
<testsuite hostname="DESKTOP-H59I35M" failures="0" tests="1" name="selmav.AptitimeTest" time="11.144" errors="0" timestamp="2020-04-12T11:19:18 IST" skipped="0">
  <testcase classname="selmav.AptitimeTest" name="login" time="11.144"/>
  <system-out/>
</testsuite> <!-- selmav.AptitimeTest -->
