<?xml version="1.0" encoding="UTF-8"?>
<!-- Generated by org.testng.reporters.JUnitReportReporter -->
<testsuite hostname="DESKTOP-H59I35M" failures="0" tests="1" name="selmav.BrowserTest" time="14.691" errors="0" timestamp="2020-04-08T19:10:58 IST" skipped="0">
  <testcase classname="selmav.BrowserTest" name="openBrowser" time="14.691"/>
  <system-out/>
</testsuite> <!-- selmav.BrowserTest -->
